<?xml version="1.0" encoding="UTF-8"?>
<!-- Generated by org.testng.reporters.JUnitReportReporter -->
<testsuite skipped="0" hostname="DESKTOP-NE9A19H" name="com.banking.TestCases.TestCaseAdd002" tests="1" failures="0" timestamp="29 Jun 2020 03:53:36 GMT" time="54.834" errors="0">
  <testcase name="addNewCustomer" time="54.834" classname="com.banking.TestCases.TestCaseAdd002"/>
</testsuite> <!-- com.banking.TestCases.TestCaseAdd002 -->
